<?xml version="1.0" encoding="UTF-8"?>
<coverage generated="1734629150309" clover="3.2.0">
  <project timestamp="1734629150310" name="All files">
    <metrics statements="9" coveredstatements="9" conditionals="4" coveredconditionals="4" methods="4" coveredmethods="4" elements="17" coveredelements="17" complexity="0" loc="9" ncloc="9" packages="1" files="2" classes="2"/>
    <file name="extractSpecialAttacks.js" path="C:\Users\Admin\JavaScript\orp\extractSpecialAttacks.js">
      <metrics statements="1" coveredstatements="1" conditionals="2" coveredconditionals="2" methods="2" coveredmethods="2"/>
      <line num="3" count="2" type="stmt"/>
    </file>
    <file name="orderByProps.js" path="C:\Users\Admin\JavaScript\orp\orderByProps.js">
      <metrics statements="8" coveredstatements="8" conditionals="2" coveredconditionals="2" methods="2" coveredmethods="2"/>
      <line num="2" count="3" type="stmt"/>
      <line num="5" count="3" type="stmt"/>
      <line num="6" count="3" type="cond" truecount="2" falsecount="0"/>
      <line num="7" count="2" type="stmt"/>
      <line num="12" count="7" type="stmt"/>
      <line num="13" count="3" type="stmt"/>
      <line num="14" count="5" type="stmt"/>
      <line num="17" count="3" type="stmt"/>
    </file>
  </project>
</coverage>
