{"C:\\Users\\Admin\\JavaScript\\orp\\extractSpecialAttacks.js": {"path":"C:\\Users\\Admin\\JavaScript\\orp\\extractSpecialAttacks.js","statementMap":{"0":{"start":{"line":3,"column":4},"end":{"line":8,"column":8}},"1":{"start":{"line":3,"column":61},"end":{"line":8,"column":5}}},"fnMap":{"0":{"name":"extractSpecialAttacks","decl":{"start":{"line":2,"column":9},"end":{"line":2,"column":30}},"loc":{"start":{"line":2,"column":44},"end":{"line":9,"column":1}},"line":2},"1":{"name":"(anonymous_1)","decl":{"start":{"line":3,"column":23},"end":{"line":3,"column":24}},"loc":{"start":{"line":3,"column":61},"end":{"line":8,"column":5}},"line":3}},"branchMap":{"0":{"loc":{"start":{"line":7,"column":21},"end":{"line":7,"column":57}},"type":"binary-expr","locations":[{"start":{"line":7,"column":21},"end":{"line":7,"column":32}},{"start":{"line":7,"column":36},"end":{"line":7,"column":57}}],"line":7}},"s":{"0":1,"1":2},"f":{"0":1,"1":2},"b":{"0":[2,1]},"_coverageSchema":"1a1c01bbd47fc00a2c39e90264f33305004495a9","hash":"b42fdf83bcf842e87853bd2a648fd63e9527f31f"}
,"C:\\Users\\Admin\\JavaScript\\orp\\orderByProps.js": {"path":"C:\\Users\\Admin\\JavaScript\\orp\\orderByProps.js","statementMap":{"0":{"start":{"line":2,"column":19},"end":{"line":2,"column":21}},"1":{"start":{"line":5,"column":4},"end":{"line":9,"column":5}},"2":{"start":{"line":6,"column":6},"end":{"line":8,"column":7}},"3":{"start":{"line":7,"column":8},"end":{"line":7,"column":46}},"4":{"start":{"line":12,"column":26},"end":{"line":12,"column":78}},"5":{"start":{"line":12,"column":57},"end":{"line":12,"column":77}},"6":{"start":{"line":13,"column":4},"end":{"line":15,"column":5}},"7":{"start":{"line":14,"column":6},"end":{"line":14,"column":44}},"8":{"start":{"line":17,"column":4},"end":{"line":17,"column":18}}},"fnMap":{"0":{"name":"orderByProps","decl":{"start":{"line":1,"column":24},"end":{"line":1,"column":36}},"loc":{"start":{"line":1,"column":49},"end":{"line":18,"column":3}},"line":1},"1":{"name":"(anonymous_1)","decl":{"start":{"line":12,"column":50},"end":{"line":12,"column":51}},"loc":{"start":{"line":12,"column":57},"end":{"line":12,"column":77}},"line":12}},"branchMap":{"0":{"loc":{"start":{"line":6,"column":6},"end":{"line":8,"column":7}},"type":"if","locations":[{"start":{"line":6,"column":6},"end":{"line":8,"column":7}},{"start":{},"end":{}}],"line":6}},"s":{"0":3,"1":3,"2":3,"3":2,"4":3,"5":7,"6":3,"7":5,"8":3},"f":{"0":3,"1":7},"b":{"0":[2,1]},"_coverageSchema":"1a1c01bbd47fc00a2c39e90264f33305004495a9","hash":"9efb4754eb9ee78553e27dc22667e375531f21e7"}
}
