{"C:\\Users\\Admin\\JavaScript\\js-oop\\src\\characters.js": {"path":"C:\\Users\\Admin\\JavaScript\\js-oop\\src\\characters.js","statementMap":{"0":{"start":{"line":3,"column":8},"end":{"line":5,"column":9}},"1":{"start":{"line":4,"column":12},"end":{"line":4,"column":72}},"2":{"start":{"line":6,"column":22},"end":{"line":6,"column":87}},"3":{"start":{"line":7,"column":8},"end":{"line":9,"column":9}},"4":{"start":{"line":8,"column":12},"end":{"line":8,"column":58}},"5":{"start":{"line":10,"column":8},"end":{"line":10,"column":25}},"6":{"start":{"line":11,"column":8},"end":{"line":11,"column":25}},"7":{"start":{"line":12,"column":8},"end":{"line":12,"column":23}},"8":{"start":{"line":13,"column":8},"end":{"line":13,"column":26}},"9":{"start":{"line":14,"column":8},"end":{"line":14,"column":24}},"10":{"start":{"line":15,"column":8},"end":{"line":15,"column":25}},"11":{"start":{"line":19,"column":8},"end":{"line":19,"column":30}},"12":{"start":{"line":20,"column":8},"end":{"line":22,"column":9}},"13":{"start":{"line":21,"column":12},"end":{"line":21,"column":28}},"14":{"start":{"line":26,"column":8},"end":{"line":28,"column":9}},"15":{"start":{"line":27,"column":12},"end":{"line":27,"column":62}},"16":{"start":{"line":29,"column":8},"end":{"line":29,"column":24}},"17":{"start":{"line":30,"column":8},"end":{"line":30,"column":26}},"18":{"start":{"line":38,"column":8},"end":{"line":38,"column":30}},"19":{"start":{"line":39,"column":8},"end":{"line":39,"column":25}},"20":{"start":{"line":40,"column":8},"end":{"line":40,"column":26}},"21":{"start":{"line":46,"column":8},"end":{"line":46,"column":33}},"22":{"start":{"line":47,"column":8},"end":{"line":47,"column":25}},"23":{"start":{"line":48,"column":8},"end":{"line":48,"column":26}},"24":{"start":{"line":54,"column":8},"end":{"line":54,"column":32}},"25":{"start":{"line":55,"column":8},"end":{"line":55,"column":25}},"26":{"start":{"line":56,"column":8},"end":{"line":56,"column":26}},"27":{"start":{"line":62,"column":8},"end":{"line":62,"column":30}},"28":{"start":{"line":63,"column":8},"end":{"line":63,"column":25}},"29":{"start":{"line":64,"column":8},"end":{"line":64,"column":26}},"30":{"start":{"line":70,"column":8},"end":{"line":70,"column":30}},"31":{"start":{"line":71,"column":8},"end":{"line":71,"column":25}},"32":{"start":{"line":72,"column":8},"end":{"line":72,"column":26}},"33":{"start":{"line":78,"column":8},"end":{"line":78,"column":30}},"34":{"start":{"line":79,"column":8},"end":{"line":79,"column":25}},"35":{"start":{"line":80,"column":8},"end":{"line":80,"column":26}},"36":{"start":{"line":84,"column":0},"end":{"line":84,"column":84}}},"fnMap":{"0":{"name":"(anonymous_0)","decl":{"start":{"line":2,"column":4},"end":{"line":2,"column":5}},"loc":{"start":{"line":2,"column":28},"end":{"line":16,"column":5}},"line":2},"1":{"name":"(anonymous_1)","decl":{"start":{"line":18,"column":4},"end":{"line":18,"column":5}},"loc":{"start":{"line":18,"column":19},"end":{"line":23,"column":5}},"line":18},"2":{"name":"(anonymous_2)","decl":{"start":{"line":25,"column":4},"end":{"line":25,"column":5}},"loc":{"start":{"line":25,"column":14},"end":{"line":31,"column":5}},"line":25},"3":{"name":"(anonymous_3)","decl":{"start":{"line":37,"column":4},"end":{"line":37,"column":5}},"loc":{"start":{"line":37,"column":22},"end":{"line":41,"column":5}},"line":37},"4":{"name":"(anonymous_4)","decl":{"start":{"line":45,"column":4},"end":{"line":45,"column":5}},"loc":{"start":{"line":45,"column":22},"end":{"line":49,"column":5}},"line":45},"5":{"name":"(anonymous_5)","decl":{"start":{"line":53,"column":4},"end":{"line":53,"column":5}},"loc":{"start":{"line":53,"column":22},"end":{"line":57,"column":5}},"line":53},"6":{"name":"(anonymous_6)","decl":{"start":{"line":61,"column":4},"end":{"line":61,"column":5}},"loc":{"start":{"line":61,"column":22},"end":{"line":65,"column":5}},"line":61},"7":{"name":"(anonymous_7)","decl":{"start":{"line":69,"column":4},"end":{"line":69,"column":5}},"loc":{"start":{"line":69,"column":22},"end":{"line":73,"column":5}},"line":69},"8":{"name":"(anonymous_8)","decl":{"start":{"line":77,"column":4},"end":{"line":77,"column":5}},"loc":{"start":{"line":77,"column":22},"end":{"line":81,"column":5}},"line":77}},"branchMap":{"0":{"loc":{"start":{"line":3,"column":8},"end":{"line":5,"column":9}},"type":"if","locations":[{"start":{"line":3,"column":8},"end":{"line":5,"column":9}},{"start":{},"end":{}}],"line":3},"1":{"loc":{"start":{"line":3,"column":12},"end":{"line":3,"column":47}},"type":"binary-expr","locations":[{"start":{"line":3,"column":12},"end":{"line":3,"column":27}},{"start":{"line":3,"column":31},"end":{"line":3,"column":47}}],"line":3},"2":{"loc":{"start":{"line":7,"column":8},"end":{"line":9,"column":9}},"type":"if","locations":[{"start":{"line":7,"column":8},"end":{"line":9,"column":9}},{"start":{},"end":{}}],"line":7},"3":{"loc":{"start":{"line":20,"column":8},"end":{"line":22,"column":9}},"type":"if","locations":[{"start":{"line":20,"column":8},"end":{"line":22,"column":9}},{"start":{},"end":{}}],"line":20},"4":{"loc":{"start":{"line":26,"column":8},"end":{"line":28,"column":9}},"type":"if","locations":[{"start":{"line":26,"column":8},"end":{"line":28,"column":9}},{"start":{},"end":{}}],"line":26}},"s":{"0":16,"1":2,"2":14,"3":14,"4":1,"5":13,"6":13,"7":13,"8":13,"9":13,"10":13,"11":6,"12":6,"13":2,"14":4,"15":2,"16":2,"17":2,"18":8,"19":6,"20":6,"21":2,"22":2,"23":2,"24":2,"25":2,"26":2,"27":1,"28":1,"29":1,"30":1,"31":1,"32":1,"33":1,"34":1,"35":1,"36":1},"f":{"0":16,"1":6,"2":4,"3":8,"4":2,"5":2,"6":1,"7":1,"8":1},"b":{"0":[2,14],"1":[16,15],"2":[1,13],"3":[2,4],"4":[2,2]},"_coverageSchema":"1a1c01bbd47fc00a2c39e90264f33305004495a9","hash":"12482a5c1cb7aafb25055c6b79fa49fa293f3e7f"}
}
