TN:
SF:src\characters.js
FN:2,(anonymous_0)
FN:18,(anonymous_1)
FN:25,(anonymous_2)
FN:37,(anonymous_3)
FN:45,(anonymous_4)
FN:53,(anonymous_5)
FN:61,(anonymous_6)
FN:69,(anonymous_7)
FN:77,(anonymous_8)
FNF:9
FNH:9
FNDA:16,(anonymous_0)
FNDA:6,(anonymous_1)
FNDA:4,(anonymous_2)
FNDA:8,(anonymous_3)
FNDA:2,(anonymous_4)
FNDA:2,(anonymous_5)
FNDA:1,(anonymous_6)
FNDA:1,(anonymous_7)
FNDA:1,(anonymous_8)
DA:3,16
DA:4,2
DA:6,14
DA:7,14
DA:8,1
DA:10,13
DA:11,13
DA:12,13
DA:13,13
DA:14,13
DA:15,13
DA:19,6
DA:20,6
DA:21,2
DA:26,4
DA:27,2
DA:29,2
DA:30,2
DA:38,8
DA:39,6
DA:40,6
DA:46,2
DA:47,2
DA:48,2
DA:54,2
DA:55,2
DA:56,2
DA:62,1
DA:63,1
DA:64,1
DA:70,1
DA:71,1
DA:72,1
DA:78,1
DA:79,1
DA:80,1
DA:84,1
LF:37
LH:37
BRDA:3,0,0,2
BRDA:3,0,1,14
BRDA:3,1,0,16
BRDA:3,1,1,15
BRDA:7,2,0,1
BRDA:7,2,1,13
BRDA:20,3,0,2
BRDA:20,3,1,4
BRDA:26,4,0,2
BRDA:26,4,1,2
BRF:10
BRH:10
end_of_record
