<?xml version="1.0" encoding="UTF-8"?>
<coverage generated="1734033340004" clover="3.2.0">
  <project timestamp="1734033340004" name="All files">
    <metrics statements="17" coveredstatements="14" conditionals="6" coveredconditionals="6" methods="8" coveredmethods="5" elements="31" coveredelements="25" complexity="0" loc="17" ncloc="17" packages="2" files="5" classes="5"/>
    <package name="unit-test">
      <metrics statements="8" coveredstatements="8" conditionals="6" coveredconditionals="6" methods="3" coveredmethods="3"/>
      <file name="health.js" path="C:\Users\Admin\JavaScript\unit-test\health.js">
        <metrics statements="6" coveredstatements="6" conditionals="6" coveredconditionals="6" methods="1" coveredmethods="1"/>
        <line num="2" count="6" type="cond" truecount="2" falsecount="0"/>
        <line num="3" count="2" type="stmt"/>
        <line num="4" count="4" type="cond" truecount="4" falsecount="0"/>
        <line num="5" count="2" type="stmt"/>
        <line num="7" count="2" type="stmt"/>
        <line num="11" count="1" type="stmt"/>
      </file>
      <file name="sortHeroes.js" path="C:\Users\Admin\JavaScript\unit-test\sortHeroes.js">
        <metrics statements="2" coveredstatements="2" conditionals="0" coveredconditionals="0" methods="2" coveredmethods="2"/>
        <line num="2" count="4" type="stmt"/>
        <line num="5" count="1" type="stmt"/>
      </file>
    </package>
    <package name="unit-test.ci-template.src.js">
      <metrics statements="9" coveredstatements="6" conditionals="0" coveredconditionals="0" methods="5" coveredmethods="2"/>
      <file name="basic.js" path="C:\Users\Admin\JavaScript\unit-test\ci-template\src\js\basic.js">
        <metrics statements="4" coveredstatements="4" conditionals="0" coveredconditionals="0" methods="1" coveredmethods="1"/>
        <line num="2" count="1" type="stmt"/>
        <line num="3" count="1" type="stmt"/>
        <line num="4" count="3" type="stmt"/>
        <line num="6" count="1" type="stmt"/>
      </file>
      <file name="http.js" path="C:\Users\Admin\JavaScript\unit-test\ci-template\src\js\http.js">
        <metrics statements="2" coveredstatements="0" conditionals="0" coveredconditionals="0" methods="2" coveredmethods="0"/>
        <line num="2" count="0" type="stmt"/>
        <line num="6" count="0" type="stmt"/>
      </file>
      <file name="user.js" path="C:\Users\Admin\JavaScript\unit-test\ci-template\src\js\user.js">
        <metrics statements="3" coveredstatements="2" conditionals="0" coveredconditionals="0" methods="2" coveredmethods="1"/>
        <line num="4" count="1" type="stmt"/>
        <line num="5" count="1" type="stmt"/>
        <line num="10" count="0" type="stmt"/>
      </file>
    </package>
  </project>
</coverage>
