TN:
SF:health.js
FN:1,getHealthStatus
FNF:1
FNH:1
FNDA:6,getHealthStatus
DA:2,6
DA:3,2
DA:4,4
DA:5,2
DA:7,2
DA:11,1
LF:6
LH:6
BRDA:2,0,0,2
BRDA:2,0,1,4
BRDA:4,1,0,2
BRDA:4,1,1,2
BRDA:4,2,0,4
BRDA:4,2,1,2
BRF:6
BRH:6
end_of_record
TN:
SF:sortHeroes.js
FN:1,sortHeroes
FN:2,(anonymous_1)
FNF:2
FNH:2
FNDA:3,sortHeroes
FNDA:4,(anonymous_1)
DA:2,4
DA:5,1
LF:2
LH:2
BRF:0
BRH:0
end_of_record
TN:
SF:ci-template\src\js\basic.js
FN:1,sum
FNF:1
FNH:1
FNDA:1,sum
DA:2,1
DA:3,1
DA:4,3
DA:6,1
LF:4
LH:4
BRF:0
BRH:0
end_of_record
TN:
SF:ci-template\src\js\http.js
FN:1,httpGet
FN:5,httpPost
FNF:2
FNH:0
FNDA:0,httpGet
FNDA:0,httpPost
DA:2,0
DA:6,0
LF:2
LH:0
BRF:0
BRH:0
end_of_record
TN:
SF:ci-template\src\js\user.js
FN:3,loadUser
FN:9,saveUser
FNF:2
FNH:1
FNDA:1,loadUser
FNDA:0,saveUser
DA:4,1
DA:5,1
DA:10,0
LF:3
LH:2
BRF:0
BRH:0
end_of_record
